<?xml version="1.0" encoding="UTF-8"?>
<!-- Generated by org.testng.reporters.JUnitXMLReporter -->
<testsuite hostname="Divakarjoshi" name="TestFirefox" tests="1" failures="1" timestamp="27 Sep 2019 05:38:29 GMT" time="20.151" errors="0">
  <testcase name="f" time="6.871" classname="autothon.webui.browserstack.tests.Tests">
    <failure type="java.lang.AssertionError" message="expected [Google] but found [BrowserStack - Google Search]">
      <![CDATA[java.lang.AssertionError: expected [Google] but found [BrowserStack - Google Search]
	at autothon.webui.browserstack.tests.Tests.f(Tests.java:17)
	at java.util.concurrent.FutureTask.run(FutureTask.java:266)
	at java.util.concurrent.ThreadPoolExecutor.runWorker(ThreadPoolExecutor.java:1149)
	at java.util.concurrent.ThreadPoolExecutor$Worker.run(ThreadPoolExecutor.java:624)
	at java.lang.Thread.run(Thread.java:748)
... Removed 22 stack frames]]>
    </failure>
  </testcase> <!-- f -->
</testsuite> <!-- TestFirefox -->
